[0721/122630.601:ERROR:process_memory_win.cc(73)] ReadMemory at 0x7ff7f15a0000 of 64 bytes failed: Only part of a ReadProcessMemory or WriteProcessMemory request was completed. (0x12B)
[0721/122630.602:WARNING:pe_image_reader.cc(340)] could not read dos header from C:\Program Files (x86)\BraveSoftware\Brave-Browser\Application\brave.exe
[0721/122630.602:ERROR:process_memory_win.cc(73)] ReadMemory at 0x7ffd3eaa0000 of 64 bytes failed: Only part of a ReadProcessMemory or WriteProcessMemory request was completed. (0x12B)
[0721/122630.602:WARNING:pe_image_reader.cc(340)] could not read dos header from C:\WINDOWS\SYSTEM32\ntdll.dll
[0721/122630.602:ERROR:process_memory_win.cc(73)] ReadMemory at 0x7ffd3e550000 of 64 bytes failed: Only part of a ReadProcessMemory or WriteProcessMemory request was completed. (0x12B)
[0721/122630.602:WARNING:pe_image_reader.cc(340)] could not read dos header from C:\WINDOWS\System32\KERNEL32.DLL
[0721/122630.603:ERROR:process_memory_win.cc(73)] ReadMemory at 0x7ffd3be90000 of 64 bytes failed: Only part of a ReadProcessMemory or WriteProcessMemory request was completed. (0x12B)
[0721/122630.603:WARNING:pe_image_reader.cc(340)] could not read dos header from C:\WINDOWS\System32\KERNELBASE.dll
[0721/122630.603:ERROR:process_memory_win.cc(73)] ReadMemory at 0x7ffd00d50000 of 64 bytes failed: Only part of a ReadProcessMemory or WriteProcessMemory request was completed. (0x12B)
[0721/122630.603:WARNING:pe_image_reader.cc(340)] could not read dos header from C:\Program Files (x86)\BraveSoftware\Brave-Browser\Application\84.1.11.97\chrome_elf.dll
[0721/122630.603:ERROR:process_memory_win.cc(73)] ReadMemory at 0x7ffd35d90000 of 64 bytes failed: Only part of a ReadProcessMemory or WriteProcessMemory request was completed. (0x12B)
[0721/122630.603:WARNING:pe_image_reader.cc(340)] could not read dos header from C:\WINDOWS\SYSTEM32\VERSION.dll
[0721/122630.603:ERROR:process_memory_win.cc(73)] ReadMemory at 0x7ffd3d480000 of 64 bytes failed: Only part of a ReadProcessMemory or WriteProcessMemory request was completed. (0x12B)
[0721/122630.603:WARNING:pe_image_reader.cc(340)] could not read dos header from C:\WINDOWS\System32\msvcrt.dll
[0721/122630.603:ERROR:process_memory_win.cc(73)] ReadMemory at 0x7ffd3be10000 of 64 bytes failed: Only part of a ReadProcessMemory or WriteProcessMemory request was completed. (0x12B)
[0721/122630.603:WARNING:pe_image_reader.cc(340)] could not read dos header from C:\WINDOWS\System32\bcryptPrimitives.dll
[0721/122630.603:ERROR:process_memory_win.cc(73)] ReadMemory at 0x7ffd3cfc0000 of 64 bytes failed: Only part of a ReadProcessMemory or WriteProcessMemory request was completed. (0x12B)
[0721/122630.603:WARNING:pe_image_reader.cc(340)] could not read dos header from C:\WINDOWS\System32\ADVAPI32.dll
[0721/122630.603:ERROR:process_memory_win.cc(73)] ReadMemory at 0x7ffd3e840000 of 64 bytes failed: Only part of a ReadProcessMemory or WriteProcessMemory request was completed. (0x12B)
[0721/122630.603:WARNING:pe_image_reader.cc(340)] could not read dos header from C:\WINDOWS\System32\sechost.dll
[0721/122630.603:ERROR:process_memory_win.cc(73)] ReadMemory at 0x7ffd3e940000 of 64 bytes failed: Only part of a ReadProcessMemory or WriteProcessMemory request was completed. (0x12B)
[0721/122630.603:WARNING:pe_image_reader.cc(340)] could not read dos header from C:\WINDOWS\System32\RPCRT4.dll
[0721/122630.603:ERROR:process_memory_win.cc(73)] ReadMemory at 0x7ffccbdf0000 of 64 bytes failed: Only part of a ReadProcessMemory or WriteProcessMemory request was completed. (0x12B)
[0721/122630.603:WARNING:pe_image_reader.cc(340)] could not read dos header from C:\Program Files (x86)\BraveSoftware\Brave-Browser\Application\84.1.11.97\chrome.dll
[0721/122630.603:ERROR:process_memory_win.cc(73)] ReadMemory at 0x7ffd3d640000 of 64 bytes failed: Only part of a ReadProcessMemory or WriteProcessMemory request was completed. (0x12B)
[0721/122630.603:WARNING:pe_image_reader.cc(340)] could not read dos header from C:\WINDOWS\System32\WS2_32.dll
[0721/122630.603:ERROR:process_memory_win.cc(73)] ReadMemory at 0x7ffd3d520000 of 64 bytes failed: Only part of a ReadProcessMemory or WriteProcessMemory request was completed. (0x12B)
[0721/122630.603:WARNING:pe_image_reader.cc(340)] could not read dos header from C:\WINDOWS\System32\OLEAUT32.dll
[0721/122630.603:ERROR:process_memory_win.cc(73)] ReadMemory at 0x7ffd3c190000 of 64 bytes failed: Only part of a ReadProcessMemory or WriteProcessMemory request was completed. (0x12B)
[0721/122630.603:WARNING:pe_image_reader.cc(340)] could not read dos header from C:\WINDOWS\System32\msvcp_win.dll
[0721/122630.603:ERROR:process_memory_win.cc(73)] ReadMemory at 0x7ffd3ba20000 of 64 bytes failed: Only part of a ReadProcessMemory or WriteProcessMemory request was completed. (0x12B)
[0721/122630.603:WARNING:pe_image_reader.cc(340)] could not read dos header from C:\WINDOWS\System32\ucrtbase.dll
[0721/122630.603:ERROR:process_memory_win.cc(73)] ReadMemory at 0x7ffd3cc00000 of 64 bytes failed: Only part of a ReadProcessMemory or WriteProcessMemory request was completed. (0x12B)
[0721/122630.603:WARNING:pe_image_reader.cc(340)] could not read dos header from C:\WINDOWS\System32\combase.dll
[0721/122630.603:ERROR:process_memory_win.cc(73)] ReadMemory at 0x7ffd3caf0000 of 64 bytes failed: Only part of a ReadProcessMemory or WriteProcessMemory request was completed. (0x12B)
[0721/122630.603:WARNING:pe_image_reader.cc(340)] could not read dos header from C:\WINDOWS\System32\WINTRUST.dll
[0721/122630.603:ERROR:process_memory_win.cc(73)] ReadMemory at 0x7ffd3b9b0000 of 64 bytes failed: Only part of a ReadProcessMemory or WriteProcessMemory request was completed. (0x12B)
[0721/122630.603:WARNING:pe_image_reader.cc(340)] could not read dos header from C:\WINDOWS\System32\MSASN1.dll
[0721/122630.603:ERROR:process_memory_win.cc(73)] ReadMemory at 0x7ffd3bb20000 of 64 bytes failed: Only part of a ReadProcessMemory or WriteProcessMemory request was completed. (0x12B)
[0721/122630.603:WARNING:pe_image_reader.cc(340)] could not read dos header from C:\WINDOWS\System32\CRYPT32.dll
[0721/122630.603:ERROR:process_memory_win.cc(73)] ReadMemory at 0x7ffd3ae70000 of 64 bytes failed: Only part of a ReadProcessMemory or WriteProcessMemory request was completed. (0x12B)
[0721/122630.603:WARNING:pe_image_reader.cc(340)] could not read dos header from C:\WINDOWS\SYSTEM32\IPHLPAPI.DLL
[0721/122630.603:ERROR:process_memory_win.cc(73)] ReadMemory at 0x7ffd38170000 of 64 bytes failed: Only part of a ReadProcessMemory or WriteProcessMemory request was completed. (0x12B)
[0721/122630.603:WARNING:pe_image_reader.cc(340)] could not read dos header from C:\WINDOWS\SYSTEM32\WINMM.dll
[0721/122630.603:ERROR:process_memory_win.cc(73)] ReadMemory at 0x7ffd22c00000 of 64 bytes failed: Only part of a ReadProcessMemory or WriteProcessMemory request was completed. (0x12B)
[0721/122630.603:WARNING:pe_image_reader.cc(340)] could not read dos header from C:\WINDOWS\SYSTEM32\Secur32.dll
[0721/122630.604:ERROR:process_memory_win.cc(73)] ReadMemory at 0x7ffd3b870000 of 64 bytes failed: Only part of a ReadProcessMemory or WriteProcessMemory request was completed. (0x12B)
[0721/122630.604:WARNING:pe_image_reader.cc(340)] could not read dos header from C:\WINDOWS\SYSTEM32\USERENV.dll
[0721/122630.604:ERROR:process_memory_win.cc(73)] ReadMemory at 0x7ffd3b980000 of 64 bytes failed: Only part of a ReadProcessMemory or WriteProcessMemory request was completed. (0x12B)
[0721/122630.604:WARNING:pe_image_reader.cc(340)] could not read dos header from C:\WINDOWS\System32\profapi.dll
[0721/122630.604:ERROR:process_memory_win.cc(73)] ReadMemory at 0x7ffd0e1c0000 of 64 bytes failed: Only part of a ReadProcessMemory or WriteProcessMemory request was completed. (0x12B)
[0721/122630.604:WARNING:pe_image_reader.cc(340)] could not read dos header from C:\WINDOWS\SYSTEM32\UIAutomationCore.DLL
[0721/122630.604:ERROR:process_memory_win.cc(73)] ReadMemory at 0x7ffd13640000 of 64 bytes failed: Only part of a ReadProcessMemory or WriteProcessMemory request was completed. (0x12B)
[0721/122630.604:WARNING:pe_image_reader.cc(340)] could not read dos header from C:\WINDOWS\SYSTEM32\DWrite.dll
[0721/122630.604:ERROR:process_memory_win.cc(73)] ReadMemory at 0x7ffcf3440000 of 64 bytes failed: Only part of a ReadProcessMemory or WriteProcessMemory request was completed. (0x12B)
[0721/122630.604:WARNING:pe_image_reader.cc(340)] could not read dos header from C:\WINDOWS\SYSTEM32\WINSPOOL.DRV
[0721/122630.604:ERROR:process_memory_win.cc(73)] ReadMemory at 0x7ffd3b960000 of 64 bytes failed: Only part of a ReadProcessMemory or WriteProcessMemory request was completed. (0x12B)
[0721/122630.604:WARNING:pe_image_reader.cc(340)] could not read dos header from C:\WINDOWS\System32\kernel.appcore.dll
[0721/122630.604:ERROR:process_memory_win.cc(73)] ReadMemory at 0x7ffd3c140000 of 64 bytes failed: Only part of a ReadProcessMemory or WriteProcessMemory request was completed. (0x12B)
[0721/122630.604:WARNING:pe_image_reader.cc(340)] could not read dos header from C:\WINDOWS\System32\bcrypt.dll
[0721/122630.604:ERROR:process_memory_win.cc(73)] ReadMemory at 0x7ffd3a180000 of 64 bytes failed: Only part of a ReadProcessMemory or WriteProcessMemory request was completed. (0x12B)
[0721/122630.604:WARNING:pe_image_reader.cc(340)] could not read dos header from C:\WINDOWS\SYSTEM32\dbghelp.dll
[0721/122630.604:ERROR:process_memory_win.cc(73)] ReadMemory at 0x7ffd2c6e0000 of 64 bytes failed: Only part of a ReadProcessMemory or WriteProcessMemory request was completed. (0x12B)
[0721/122630.604:WARNING:pe_image_reader.cc(340)] could not read dos header from C:\WINDOWS\SYSTEM32\WINHTTP.dll
[0721/122630.604:ERROR:process_memory_win.cc(73)] ReadMemory at 0x7ffd34160000 of 64 bytes failed: Only part of a ReadProcessMemory or WriteProcessMemory request was completed. (0x12B)
[0721/122630.604:WARNING:pe_image_reader.cc(340)] could not read dos header from C:\WINDOWS\SYSTEM32\dhcpcsvc.DLL
[0721/122630.604:ERROR:process_memory_win.cc(73)] ReadMemory at 0x7ffd3db20000 of 64 bytes failed: Only part of a ReadProcessMemory or WriteProcessMemory request was completed. (0x12B)
[0721/122630.604:WARNING:pe_image_reader.cc(340)] could not read dos header from C:\WINDOWS\System32\NSI.dll
[0721/122630.604:ERROR:process_memory_win.cc(73)] ReadMemory at 0x7ffd38140000 of 64 bytes failed: Only part of a ReadProcessMemory or WriteProcessMemory request was completed. (0x12B)
[0721/122630.604:WARNING:pe_image_reader.cc(340)] could not read dos header from C:\WINDOWS\SYSTEM32\WINMMBASE.dll
[0721/122630.604:ERROR:process_memory_win.cc(73)] ReadMemory at 0x7ffd3ca70000 of 64 bytes failed: Only part of a ReadProcessMemory or WriteProcessMemory request was completed. (0x12B)
[0721/122630.604:WARNING:pe_image_reader.cc(340)] could not read dos header from C:\WINDOWS\System32\cfgmgr32.dll
[0721/122630.604:ERROR:process_memory_win.cc(73)] ReadMemory at 0x7ffd37d00000 of 64 bytes failed: Only part of a ReadProcessMemory or WriteProcessMemory request was completed. (0x12B)
[0721/122630.604:WARNING:pe_image_reader.cc(340)] could not read dos header from C:\WINDOWS\SYSTEM32\PROPSYS.dll
[0721/122630.604:ERROR:process_memory_win.cc(73)] ReadMemory at 0x7ffd3cb50000 of 64 bytes failed: Only part of a ReadProcessMemory or WriteProcessMemory request was completed. (0x12B)
[0721/122630.604:WARNING:pe_image_reader.cc(340)] could not read dos header from C:\WINDOWS\System32\shcore.dll
[0721/122630.605:ERROR:process_memory_win.cc(73)] ReadMemory at 0x7ffd3b840000 of 64 bytes failed: Only part of a ReadProcessMemory or WriteProcessMemory request was completed. (0x12B)
[0721/122630.605:WARNING:pe_image_reader.cc(340)] could not read dos header from C:\WINDOWS\SYSTEM32\SSPICLI.DLL
[0721/122630.605:ERROR:process_memory_win.cc(73)] ReadMemory at 0x7ffd3b330000 of 64 bytes failed: Only part of a ReadProcessMemory or WriteProcessMemory request was completed. (0x12B)
[0721/122630.605:WARNING:pe_image_reader.cc(340)] could not read dos header from C:\WINDOWS\SYSTEM32\CRYPTBASE.DLL
[0721/122630.608:ERROR:process_memory_win.cc(73)] ReadMemory at 0x7ff7f15a0000 of 64 bytes failed: Only part of a ReadProcessMemory or WriteProcessMemory request was completed. (0x12B)
[0721/122630.608:WARNING:pe_image_reader.cc(340)] could not read dos header from C:\Program Files (x86)\BraveSoftware\Brave-Browser\Application\brave.exe
[0721/122630.608:ERROR:process_memory_win.cc(73)] ReadMemory at 0x7ffd3eaa0000 of 64 bytes failed: Only part of a ReadProcessMemory or WriteProcessMemory request was completed. (0x12B)
[0721/122630.608:WARNING:pe_image_reader.cc(340)] could not read dos header from C:\WINDOWS\SYSTEM32\ntdll.dll
[0721/122630.608:ERROR:process_memory_win.cc(73)] ReadMemory at 0x7ffd3e550000 of 64 bytes failed: Only part of a ReadProcessMemory or WriteProcessMemory request was completed. (0x12B)
[0721/122630.608:WARNING:pe_image_reader.cc(340)] could not read dos header from C:\WINDOWS\System32\KERNEL32.DLL
[0721/122630.608:ERROR:process_memory_win.cc(73)] ReadMemory at 0x7ffd3be90000 of 64 bytes failed: Only part of a ReadProcessMemory or WriteProcessMemory request was completed. (0x12B)
[0721/122630.608:WARNING:pe_image_reader.cc(340)] could not read dos header from C:\WINDOWS\System32\KERNELBASE.dll
[0721/122630.608:ERROR:process_memory_win.cc(73)] ReadMemory at 0x7ffd00d50000 of 64 bytes failed: Only part of a ReadProcessMemory or WriteProcessMemory request was completed. (0x12B)
[0721/122630.608:WARNING:pe_image_reader.cc(340)] could not read dos header from C:\Program Files (x86)\BraveSoftware\Brave-Browser\Application\84.1.11.97\chrome_elf.dll
[0721/122630.608:ERROR:process_memory_win.cc(73)] ReadMemory at 0x7ffd35d90000 of 64 bytes failed: Only part of a ReadProcessMemory or WriteProcessMemory request was completed. (0x12B)
[0721/122630.608:WARNING:pe_image_reader.cc(340)] could not read dos header from C:\WINDOWS\SYSTEM32\VERSION.dll
[0721/122630.608:ERROR:process_memory_win.cc(73)] ReadMemory at 0x7ffd3d480000 of 64 bytes failed: Only part of a ReadProcessMemory or WriteProcessMemory request was completed. (0x12B)
[0721/122630.608:WARNING:pe_image_reader.cc(340)] could not read dos header from C:\WINDOWS\System32\msvcrt.dll
[0721/122630.608:ERROR:process_memory_win.cc(73)] ReadMemory at 0x7ffd3be10000 of 64 bytes failed: Only part of a ReadProcessMemory or WriteProcessMemory request was completed. (0x12B)
[0721/122630.608:WARNING:pe_image_reader.cc(340)] could not read dos header from C:\WINDOWS\System32\bcryptPrimitives.dll
[0721/122630.608:ERROR:process_memory_win.cc(73)] ReadMemory at 0x7ffd3cfc0000 of 64 bytes failed: Only part of a ReadProcessMemory or WriteProcessMemory request was completed. (0x12B)
[0721/122630.608:WARNING:pe_image_reader.cc(340)] could not read dos header from C:\WINDOWS\System32\ADVAPI32.dll
[0721/122630.608:ERROR:process_memory_win.cc(73)] ReadMemory at 0x7ffd3e840000 of 64 bytes failed: Only part of a ReadProcessMemory or WriteProcessMemory request was completed. (0x12B)
[0721/122630.608:WARNING:pe_image_reader.cc(340)] could not read dos header from C:\WINDOWS\System32\sechost.dll
[0721/122630.608:ERROR:process_memory_win.cc(73)] ReadMemory at 0x7ffd3e940000 of 64 bytes failed: Only part of a ReadProcessMemory or WriteProcessMemory request was completed. (0x12B)
[0721/122630.608:WARNING:pe_image_reader.cc(340)] could not read dos header from C:\WINDOWS\System32\RPCRT4.dll
[0721/122630.608:ERROR:process_memory_win.cc(73)] ReadMemory at 0x7ffccbdf0000 of 64 bytes failed: Only part of a ReadProcessMemory or WriteProcessMemory request was completed. (0x12B)
[0721/122630.608:WARNING:pe_image_reader.cc(340)] could not read dos header from C:\Program Files (x86)\BraveSoftware\Brave-Browser\Application\84.1.11.97\chrome.dll
[0721/122630.608:ERROR:process_memory_win.cc(73)] ReadMemory at 0x7ffd3d640000 of 64 bytes failed: Only part of a ReadProcessMemory or WriteProcessMemory request was completed. (0x12B)
[0721/122630.608:WARNING:pe_image_reader.cc(340)] could not read dos header from C:\WINDOWS\System32\WS2_32.dll
[0721/122630.608:ERROR:process_memory_win.cc(73)] ReadMemory at 0x7ffd3d520000 of 64 bytes failed: Only part of a ReadProcessMemory or WriteProcessMemory request was completed. (0x12B)
[0721/122630.608:WARNING:pe_image_reader.cc(340)] could not read dos header from C:\WINDOWS\System32\OLEAUT32.dll
[0721/122630.608:ERROR:process_memory_win.cc(73)] ReadMemory at 0x7ffd3c190000 of 64 bytes failed: Only part of a ReadProcessMemory or WriteProcessMemory request was completed. (0x12B)
[0721/122630.608:WARNING:pe_image_reader.cc(340)] could not read dos header from C:\WINDOWS\System32\msvcp_win.dll
[0721/122630.609:ERROR:process_memory_win.cc(73)] ReadMemory at 0x7ffd3ba20000 of 64 bytes failed: Only part of a ReadProcessMemory or WriteProcessMemory request was completed. (0x12B)
[0721/122630.609:WARNING:pe_image_reader.cc(340)] could not read dos header from C:\WINDOWS\System32\ucrtbase.dll
[0721/122630.609:ERROR:process_memory_win.cc(73)] ReadMemory at 0x7ffd3cc00000 of 64 bytes failed: Only part of a ReadProcessMemory or WriteProcessMemory request was completed. (0x12B)
[0721/122630.609:WARNING:pe_image_reader.cc(340)] could not read dos header from C:\WINDOWS\System32\combase.dll
[0721/122630.609:ERROR:process_memory_win.cc(73)] ReadMemory at 0x7ffd3caf0000 of 64 bytes failed: Only part of a ReadProcessMemory or WriteProcessMemory request was completed. (0x12B)
[0721/122630.609:WARNING:pe_image_reader.cc(340)] could not read dos header from C:\WINDOWS\System32\WINTRUST.dll
[0721/122630.609:ERROR:process_memory_win.cc(73)] ReadMemory at 0x7ffd3b9b0000 of 64 bytes failed: Only part of a ReadProcessMemory or WriteProcessMemory request was completed. (0x12B)
[0721/122630.609:WARNING:pe_image_reader.cc(340)] could not read dos header from C:\WINDOWS\System32\MSASN1.dll
[0721/122630.609:ERROR:process_memory_win.cc(73)] ReadMemory at 0x7ffd3bb20000 of 64 bytes failed: Only part of a ReadProcessMemory or WriteProcessMemory request was completed. (0x12B)
[0721/122630.609:WARNING:pe_image_reader.cc(340)] could not read dos header from C:\WINDOWS\System32\CRYPT32.dll
[0721/122630.609:ERROR:process_memory_win.cc(73)] ReadMemory at 0x7ffd3ae70000 of 64 bytes failed: Only part of a ReadProcessMemory or WriteProcessMemory request was completed. (0x12B)
[0721/122630.609:WARNING:pe_image_reader.cc(340)] could not read dos header from C:\WINDOWS\SYSTEM32\IPHLPAPI.DLL
[0721/122630.609:ERROR:process_memory_win.cc(73)] ReadMemory at 0x7ffd38170000 of 64 bytes failed: Only part of a ReadProcessMemory or WriteProcessMemory request was completed. (0x12B)
[0721/122630.609:WARNING:pe_image_reader.cc(340)] could not read dos header from C:\WINDOWS\SYSTEM32\WINMM.dll
[0721/122630.609:ERROR:process_memory_win.cc(73)] ReadMemory at 0x7ffd22c00000 of 64 bytes failed: Only part of a ReadProcessMemory or WriteProcessMemory request was completed. (0x12B)
[0721/122630.609:WARNING:pe_image_reader.cc(340)] could not read dos header from C:\WINDOWS\SYSTEM32\Secur32.dll
[0721/122630.609:ERROR:process_memory_win.cc(73)] ReadMemory at 0x7ffd3b870000 of 64 bytes failed: Only part of a ReadProcessMemory or WriteProcessMemory request was completed. (0x12B)
[0721/122630.609:WARNING:pe_image_reader.cc(340)] could not read dos header from C:\WINDOWS\SYSTEM32\USERENV.dll
[0721/122630.609:ERROR:process_memory_win.cc(73)] ReadMemory at 0x7ffd3b980000 of 64 bytes failed: Only part of a ReadProcessMemory or WriteProcessMemory request was completed. (0x12B)
[0721/122630.609:WARNING:pe_image_reader.cc(340)] could not read dos header from C:\WINDOWS\System32\profapi.dll
[0721/122630.609:ERROR:process_memory_win.cc(73)] ReadMemory at 0x7ffd0e1c0000 of 64 bytes failed: Only part of a ReadProcessMemory or WriteProcessMemory request was completed. (0x12B)
[0721/122630.609:WARNING:pe_image_reader.cc(340)] could not read dos header from C:\WINDOWS\SYSTEM32\UIAutomationCore.DLL
[0721/122630.609:ERROR:process_memory_win.cc(73)] ReadMemory at 0x7ffd13640000 of 64 bytes failed: Only part of a ReadProcessMemory or WriteProcessMemory request was completed. (0x12B)
[0721/122630.609:WARNING:pe_image_reader.cc(340)] could not read dos header from C:\WINDOWS\SYSTEM32\DWrite.dll
[0721/122630.609:ERROR:process_memory_win.cc(73)] ReadMemory at 0x7ffcf3440000 of 64 bytes failed: Only part of a ReadProcessMemory or WriteProcessMemory request was completed. (0x12B)
[0721/122630.609:WARNING:pe_image_reader.cc(340)] could not read dos header from C:\WINDOWS\SYSTEM32\WINSPOOL.DRV
[0721/122630.609:ERROR:process_memory_win.cc(73)] ReadMemory at 0x7ffd3b960000 of 64 bytes failed: Only part of a ReadProcessMemory or WriteProcessMemory request was completed. (0x12B)
[0721/122630.609:WARNING:pe_image_reader.cc(340)] could not read dos header from C:\WINDOWS\System32\kernel.appcore.dll
[0721/122630.609:ERROR:process_memory_win.cc(73)] ReadMemory at 0x7ffd3c140000 of 64 bytes failed: Only part of a ReadProcessMemory or WriteProcessMemory request was completed. (0x12B)
[0721/122630.609:WARNING:pe_image_reader.cc(340)] could not read dos header from C:\WINDOWS\System32\bcrypt.dll
[0721/122630.609:ERROR:process_memory_win.cc(73)] ReadMemory at 0x7ffd3a180000 of 64 bytes failed: Only part of a ReadProcessMemory or WriteProcessMemory request was completed. (0x12B)
[0721/122630.609:WARNING:pe_image_reader.cc(340)] could not read dos header from C:\WINDOWS\SYSTEM32\dbghelp.dll
[0721/122630.609:ERROR:process_memory_win.cc(73)] ReadMemory at 0x7ffd2c6e0000 of 64 bytes failed: Only part of a ReadProcessMemory or WriteProcessMemory request was completed. (0x12B)
[0721/122630.609:WARNING:pe_image_reader.cc(340)] could not read dos header from C:\WINDOWS\SYSTEM32\WINHTTP.dll
[0721/122630.609:ERROR:process_memory_win.cc(73)] ReadMemory at 0x7ffd34160000 of 64 bytes failed: Only part of a ReadProcessMemory or WriteProcessMemory request was completed. (0x12B)
[0721/122630.609:WARNING:pe_image_reader.cc(340)] could not read dos header from C:\WINDOWS\SYSTEM32\dhcpcsvc.DLL
[0721/122630.609:ERROR:process_memory_win.cc(73)] ReadMemory at 0x7ffd3db20000 of 64 bytes failed: Only part of a ReadProcessMemory or WriteProcessMemory request was completed. (0x12B)
[0721/122630.609:WARNING:pe_image_reader.cc(340)] could not read dos header from C:\WINDOWS\System32\NSI.dll
[0721/122630.610:ERROR:process_memory_win.cc(73)] ReadMemory at 0x7ffd38140000 of 64 bytes failed: Only part of a ReadProcessMemory or WriteProcessMemory request was completed. (0x12B)
[0721/122630.610:WARNING:pe_image_reader.cc(340)] could not read dos header from C:\WINDOWS\SYSTEM32\WINMMBASE.dll
[0721/122630.610:ERROR:process_memory_win.cc(73)] ReadMemory at 0x7ffd3ca70000 of 64 bytes failed: Only part of a ReadProcessMemory or WriteProcessMemory request was completed. (0x12B)
[0721/122630.610:WARNING:pe_image_reader.cc(340)] could not read dos header from C:\WINDOWS\System32\cfgmgr32.dll
[0721/122630.610:ERROR:process_memory_win.cc(73)] ReadMemory at 0x7ffd37d00000 of 64 bytes failed: Only part of a ReadProcessMemory or WriteProcessMemory request was completed. (0x12B)
[0721/122630.610:WARNING:pe_image_reader.cc(340)] could not read dos header from C:\WINDOWS\SYSTEM32\PROPSYS.dll
[0721/122630.610:ERROR:process_memory_win.cc(73)] ReadMemory at 0x7ffd3cb50000 of 64 bytes failed: Only part of a ReadProcessMemory or WriteProcessMemory request was completed. (0x12B)
[0721/122630.610:WARNING:pe_image_reader.cc(340)] could not read dos header from C:\WINDOWS\System32\shcore.dll
[0721/122630.610:ERROR:process_memory_win.cc(73)] ReadMemory at 0x7ffd3b840000 of 64 bytes failed: Only part of a ReadProcessMemory or WriteProcessMemory request was completed. (0x12B)
[0721/122630.610:WARNING:pe_image_reader.cc(340)] could not read dos header from C:\WINDOWS\SYSTEM32\SSPICLI.DLL
[0721/122630.610:ERROR:process_memory_win.cc(73)] ReadMemory at 0x7ffd3b330000 of 64 bytes failed: Only part of a ReadProcessMemory or WriteProcessMemory request was completed. (0x12B)
[0721/122630.610:WARNING:pe_image_reader.cc(340)] could not read dos header from C:\WINDOWS\SYSTEM32\CRYPTBASE.DLL
[0721/122630.610:ERROR:process_memory_win.cc(73)] ReadMemory at 0x7ff7f15a0000 of 64 bytes failed: Only part of a ReadProcessMemory or WriteProcessMemory request was completed. (0x12B)
[0721/122630.610:WARNING:pe_image_reader.cc(340)] could not read dos header from C:\Program Files (x86)\BraveSoftware\Brave-Browser\Application\brave.exe
[0721/122630.610:ERROR:process_memory_win.cc(73)] ReadMemory at 0x7ffd3eaa0000 of 64 bytes failed: Only part of a ReadProcessMemory or WriteProcessMemory request was completed. (0x12B)
[0721/122630.610:WARNING:pe_image_reader.cc(340)] could not read dos header from C:\WINDOWS\SYSTEM32\ntdll.dll
[0721/122630.610:ERROR:process_memory_win.cc(73)] ReadMemory at 0x7ffd3e550000 of 64 bytes failed: Only part of a ReadProcessMemory or WriteProcessMemory request was completed. (0x12B)
[0721/122630.610:WARNING:pe_image_reader.cc(340)] could not read dos header from C:\WINDOWS\System32\KERNEL32.DLL
[0721/122630.610:ERROR:process_memory_win.cc(73)] ReadMemory at 0x7ffd3be90000 of 64 bytes failed: Only part of a ReadProcessMemory or WriteProcessMemory request was completed. (0x12B)
[0721/122630.610:WARNING:pe_image_reader.cc(340)] could not read dos header from C:\WINDOWS\System32\KERNELBASE.dll
[0721/122630.610:ERROR:process_memory_win.cc(73)] ReadMemory at 0x7ffd00d50000 of 64 bytes failed: Only part of a ReadProcessMemory or WriteProcessMemory request was completed. (0x12B)
[0721/122630.610:WARNING:pe_image_reader.cc(340)] could not read dos header from C:\Program Files (x86)\BraveSoftware\Brave-Browser\Application\84.1.11.97\chrome_elf.dll
[0721/122630.610:ERROR:process_memory_win.cc(73)] ReadMemory at 0x7ffd35d90000 of 64 bytes failed: Only part of a ReadProcessMemory or WriteProcessMemory request was completed. (0x12B)
[0721/122630.610:WARNING:pe_image_reader.cc(340)] could not read dos header from C:\WINDOWS\SYSTEM32\VERSION.dll
[0721/122630.610:ERROR:process_memory_win.cc(73)] ReadMemory at 0x7ffd3d480000 of 64 bytes failed: Only part of a ReadProcessMemory or WriteProcessMemory request was completed. (0x12B)
[0721/122630.610:WARNING:pe_image_reader.cc(340)] could not read dos header from C:\WINDOWS\System32\msvcrt.dll
[0721/122630.610:ERROR:process_memory_win.cc(73)] ReadMemory at 0x7ffd3be10000 of 64 bytes failed: Only part of a ReadProcessMemory or WriteProcessMemory request was completed. (0x12B)
[0721/122630.610:WARNING:pe_image_reader.cc(340)] could not read dos header from C:\WINDOWS\System32\bcryptPrimitives.dll
[0721/122630.610:ERROR:process_memory_win.cc(73)] ReadMemory at 0x7ffd3cfc0000 of 64 bytes failed: Only part of a ReadProcessMemory or WriteProcessMemory request was completed. (0x12B)
[0721/122630.610:WARNING:pe_image_reader.cc(340)] could not read dos header from C:\WINDOWS\System32\ADVAPI32.dll
[0721/122630.610:ERROR:process_memory_win.cc(73)] ReadMemory at 0x7ffd3e840000 of 64 bytes failed: Only part of a ReadProcessMemory or WriteProcessMemory request was completed. (0x12B)
[0721/122630.610:WARNING:pe_image_reader.cc(340)] could not read dos header from C:\WINDOWS\System32\sechost.dll
[0721/122630.610:ERROR:process_memory_win.cc(73)] ReadMemory at 0x7ffd3e940000 of 64 bytes failed: Only part of a ReadProcessMemory or WriteProcessMemory request was completed. (0x12B)
[0721/122630.610:WARNING:pe_image_reader.cc(340)] could not read dos header from C:\WINDOWS\System32\RPCRT4.dll
[0721/122630.610:ERROR:process_memory_win.cc(73)] ReadMemory at 0x7ffccbdf0000 of 64 bytes failed: Only part of a ReadProcessMemory or WriteProcessMemory request was completed. (0x12B)
[0721/122630.610:WARNING:pe_image_reader.cc(340)] could not read dos header from C:\Program Files (x86)\BraveSoftware\Brave-Browser\Application\84.1.11.97\chrome.dll
[0721/122630.610:ERROR:process_memory_win.cc(73)] ReadMemory at 0x7ffd3d640000 of 64 bytes failed: Only part of a ReadProcessMemory or WriteProcessMemory request was completed. (0x12B)
[0721/122630.610:WARNING:pe_image_reader.cc(340)] could not read dos header from C:\WINDOWS\System32\WS2_32.dll
[0721/122630.610:ERROR:process_memory_win.cc(73)] ReadMemory at 0x7ffd3d520000 of 64 bytes failed: Only part of a ReadProcessMemory or WriteProcessMemory request was completed. (0x12B)
[0721/122630.610:WARNING:pe_image_reader.cc(340)] could not read dos header from C:\WINDOWS\System32\OLEAUT32.dll
[0721/122630.610:ERROR:process_memory_win.cc(73)] ReadMemory at 0x7ffd3c190000 of 64 bytes failed: Only part of a ReadProcessMemory or WriteProcessMemory request was completed. (0x12B)
[0721/122630.610:WARNING:pe_image_reader.cc(340)] could not read dos header from C:\WINDOWS\System32\msvcp_win.dll
[0721/122630.610:ERROR:process_memory_win.cc(73)] ReadMemory at 0x7ffd3ba20000 of 64 bytes failed: Only part of a ReadProcessMemory or WriteProcessMemory request was completed. (0x12B)
[0721/122630.610:WARNING:pe_image_reader.cc(340)] could not read dos header from C:\WINDOWS\System32\ucrtbase.dll
[0721/122630.610:ERROR:process_memory_win.cc(73)] ReadMemory at 0x7ffd3cc00000 of 64 bytes failed: Only part of a ReadProcessMemory or WriteProcessMemory request was completed. (0x12B)
[0721/122630.610:WARNING:pe_image_reader.cc(340)] could not read dos header from C:\WINDOWS\System32\combase.dll
[0721/122630.610:ERROR:process_memory_win.cc(73)] ReadMemory at 0x7ffd3caf0000 of 64 bytes failed: Only part of a ReadProcessMemory or WriteProcessMemory request was completed. (0x12B)
[0721/122630.610:WARNING:pe_image_reader.cc(340)] could not read dos header from C:\WINDOWS\System32\WINTRUST.dll
[0721/122630.611:ERROR:process_memory_win.cc(73)] ReadMemory at 0x7ffd3b9b0000 of 64 bytes failed: Only part of a ReadProcessMemory or WriteProcessMemory request was completed. (0x12B)
[0721/122630.611:WARNING:pe_image_reader.cc(340)] could not read dos header from C:\WINDOWS\System32\MSASN1.dll
[0721/122630.611:ERROR:process_memory_win.cc(73)] ReadMemory at 0x7ffd3bb20000 of 64 bytes failed: Only part of a ReadProcessMemory or WriteProcessMemory request was completed. (0x12B)
[0721/122630.611:WARNING:pe_image_reader.cc(340)] could not read dos header from C:\WINDOWS\System32\CRYPT32.dll
[0721/122630.611:ERROR:process_memory_win.cc(73)] ReadMemory at 0x7ffd3ae70000 of 64 bytes failed: Only part of a ReadProcessMemory or WriteProcessMemory request was completed. (0x12B)
[0721/122630.611:WARNING:pe_image_reader.cc(340)] could not read dos header from C:\WINDOWS\SYSTEM32\IPHLPAPI.DLL
[0721/122630.611:ERROR:process_memory_win.cc(73)] ReadMemory at 0x7ffd38170000 of 64 bytes failed: Only part of a ReadProcessMemory or WriteProcessMemory request was completed. (0x12B)
[0721/122630.611:WARNING:pe_image_reader.cc(340)] could not read dos header from C:\WINDOWS\SYSTEM32\WINMM.dll
[0721/122630.611:ERROR:process_memory_win.cc(73)] ReadMemory at 0x7ffd22c00000 of 64 bytes failed: Only part of a ReadProcessMemory or WriteProcessMemory request was completed. (0x12B)
[0721/122630.611:WARNING:pe_image_reader.cc(340)] could not read dos header from C:\WINDOWS\SYSTEM32\Secur32.dll
[0721/122630.611:ERROR:process_memory_win.cc(73)] ReadMemory at 0x7ffd3b870000 of 64 bytes failed: Only part of a ReadProcessMemory or WriteProcessMemory request was completed. (0x12B)
[0721/122630.611:WARNING:pe_image_reader.cc(340)] could not read dos header from C:\WINDOWS\SYSTEM32\USERENV.dll
[0721/122630.611:ERROR:process_memory_win.cc(73)] ReadMemory at 0x7ffd3b980000 of 64 bytes failed: Only part of a ReadProcessMemory or WriteProcessMemory request was completed. (0x12B)
[0721/122630.611:WARNING:pe_image_reader.cc(340)] could not read dos header from C:\WINDOWS\System32\profapi.dll
[0721/122630.611:ERROR:process_memory_win.cc(73)] ReadMemory at 0x7ffd0e1c0000 of 64 bytes failed: Only part of a ReadProcessMemory or WriteProcessMemory request was completed. (0x12B)
[0721/122630.611:WARNING:pe_image_reader.cc(340)] could not read dos header from C:\WINDOWS\SYSTEM32\UIAutomationCore.DLL
[0721/122630.611:ERROR:process_memory_win.cc(73)] ReadMemory at 0x7ffd13640000 of 64 bytes failed: Only part of a ReadProcessMemory or WriteProcessMemory request was completed. (0x12B)
[0721/122630.611:WARNING:pe_image_reader.cc(340)] could not read dos header from C:\WINDOWS\SYSTEM32\DWrite.dll
[0721/122630.611:ERROR:process_memory_win.cc(73)] ReadMemory at 0x7ffcf3440000 of 64 bytes failed: Only part of a ReadProcessMemory or WriteProcessMemory request was completed. (0x12B)
[0721/122630.611:WARNING:pe_image_reader.cc(340)] could not read dos header from C:\WINDOWS\SYSTEM32\WINSPOOL.DRV
[0721/122630.611:ERROR:process_memory_win.cc(73)] ReadMemory at 0x7ffd3b960000 of 64 bytes failed: Only part of a ReadProcessMemory or WriteProcessMemory request was completed. (0x12B)
[0721/122630.611:WARNING:pe_image_reader.cc(340)] could not read dos header from C:\WINDOWS\System32\kernel.appcore.dll
[0721/122630.611:ERROR:process_memory_win.cc(73)] ReadMemory at 0x7ffd3c140000 of 64 bytes failed: Only part of a ReadProcessMemory or WriteProcessMemory request was completed. (0x12B)
[0721/122630.611:WARNING:pe_image_reader.cc(340)] could not read dos header from C:\WINDOWS\System32\bcrypt.dll
[0721/122630.611:ERROR:process_memory_win.cc(73)] ReadMemory at 0x7ffd3a180000 of 64 bytes failed: Only part of a ReadProcessMemory or WriteProcessMemory request was completed. (0x12B)
[0721/122630.611:WARNING:pe_image_reader.cc(340)] could not read dos header from C:\WINDOWS\SYSTEM32\dbghelp.dll
[0721/122630.611:ERROR:process_memory_win.cc(73)] ReadMemory at 0x7ffd2c6e0000 of 64 bytes failed: Only part of a ReadProcessMemory or WriteProcessMemory request was completed. (0x12B)
[0721/122630.611:WARNING:pe_image_reader.cc(340)] could not read dos header from C:\WINDOWS\SYSTEM32\WINHTTP.dll
[0721/122630.611:ERROR:process_memory_win.cc(73)] ReadMemory at 0x7ffd34160000 of 64 bytes failed: Only part of a ReadProcessMemory or WriteProcessMemory request was completed. (0x12B)
[0721/122630.611:WARNING:pe_image_reader.cc(340)] could not read dos header from C:\WINDOWS\SYSTEM32\dhcpcsvc.DLL
[0721/122630.611:ERROR:process_memory_win.cc(73)] ReadMemory at 0x7ffd3db20000 of 64 bytes failed: Only part of a ReadProcessMemory or WriteProcessMemory request was completed. (0x12B)
[0721/122630.611:WARNING:pe_image_reader.cc(340)] could not read dos header from C:\WINDOWS\System32\NSI.dll
[0721/122630.611:ERROR:process_memory_win.cc(73)] ReadMemory at 0x7ffd38140000 of 64 bytes failed: Only part of a ReadProcessMemory or WriteProcessMemory request was completed. (0x12B)
[0721/122630.611:WARNING:pe_image_reader.cc(340)] could not read dos header from C:\WINDOWS\SYSTEM32\WINMMBASE.dll
[0721/122630.611:ERROR:process_memory_win.cc(73)] ReadMemory at 0x7ffd3ca70000 of 64 bytes failed: Only part of a ReadProcessMemory or WriteProcessMemory request was completed. (0x12B)
[0721/122630.611:WARNING:pe_image_reader.cc(340)] could not read dos header from C:\WINDOWS\System32\cfgmgr32.dll
[0721/122630.611:ERROR:process_memory_win.cc(73)] ReadMemory at 0x7ffd37d00000 of 64 bytes failed: Only part of a ReadProcessMemory or WriteProcessMemory request was completed. (0x12B)
[0721/122630.611:WARNING:pe_image_reader.cc(340)] could not read dos header from C:\WINDOWS\SYSTEM32\PROPSYS.dll
[0721/122630.612:ERROR:process_memory_win.cc(73)] ReadMemory at 0x7ffd3cb50000 of 64 bytes failed: Only part of a ReadProcessMemory or WriteProcessMemory request was completed. (0x12B)
[0721/122630.612:WARNING:pe_image_reader.cc(340)] could not read dos header from C:\WINDOWS\System32\shcore.dll
[0721/122630.612:ERROR:process_memory_win.cc(73)] ReadMemory at 0x7ffd3b840000 of 64 bytes failed: Only part of a ReadProcessMemory or WriteProcessMemory request was completed. (0x12B)
[0721/122630.612:WARNING:pe_image_reader.cc(340)] could not read dos header from C:\WINDOWS\SYSTEM32\SSPICLI.DLL
[0721/122630.612:ERROR:process_memory_win.cc(73)] ReadMemory at 0x7ffd3b330000 of 64 bytes failed: Only part of a ReadProcessMemory or WriteProcessMemory request was completed. (0x12B)
[0721/122630.612:WARNING:pe_image_reader.cc(340)] could not read dos header from C:\WINDOWS\SYSTEM32\CRYPTBASE.DLL
[0721/122630.618:ERROR:process_memory_win.cc(73)] ReadMemory at 0x8e0bdeb000 of 86016 bytes failed: Only part of a ReadProcessMemory or WriteProcessMemory request was completed. (0x12B)
[0721/122630.618:ERROR:process_memory_win.cc(73)] ReadMemory at 0x8e0c5fd000 of 12288 bytes failed: Only part of a ReadProcessMemory or WriteProcessMemory request was completed. (0x12B)
[0721/122630.619:ERROR:process_memory_win.cc(73)] ReadMemory at 0x8e0cdfd000 of 12288 bytes failed: Only part of a ReadProcessMemory or WriteProcessMemory request was completed. (0x12B)
[0721/122630.619:ERROR:process_memory_win.cc(73)] ReadMemory at 0x8e0d5fc000 of 16384 bytes failed: Only part of a ReadProcessMemory or WriteProcessMemory request was completed. (0x12B)
[0721/122630.619:ERROR:process_memory_win.cc(73)] ReadMemory at 0x8e0ddfc000 of 16384 bytes failed: Only part of a ReadProcessMemory or WriteProcessMemory request was completed. (0x12B)
[0721/122630.619:ERROR:process_memory_win.cc(73)] ReadMemory at 0x8e0e5ff000 of 4096 bytes failed: Only part of a ReadProcessMemory or WriteProcessMemory request was completed. (0x12B)
[0721/122630.619:ERROR:process_memory_win.cc(73)] ReadMemory at 0x8e0edfd000 of 12288 bytes failed: Only part of a ReadProcessMemory or WriteProcessMemory request was completed. (0x12B)
[0721/122630.619:ERROR:process_memory_win.cc(73)] ReadMemory at 0x8e0f5fb000 of 20480 bytes failed: Only part of a ReadProcessMemory or WriteProcessMemory request was completed. (0x12B)
[0721/122630.619:ERROR:process_memory_win.cc(73)] ReadMemory at 0x8e0fdfd000 of 12288 bytes failed: Only part of a ReadProcessMemory or WriteProcessMemory request was completed. (0x12B)
[0721/122630.619:ERROR:process_memory_win.cc(73)] ReadMemory at 0x8e105fb000 of 20480 bytes failed: Only part of a ReadProcessMemory or WriteProcessMemory request was completed. (0x12B)
[0721/122630.619:ERROR:process_memory_win.cc(73)] ReadMemory at 0x8e10dfa000 of 24576 bytes failed: Only part of a ReadProcessMemory or WriteProcessMemory request was completed. (0x12B)
[0721/122630.619:ERROR:process_memory_win.cc(73)] ReadMemory at 0x8e115f8000 of 32768 bytes failed: Only part of a ReadProcessMemory or WriteProcessMemory request was completed. (0x12B)
[0721/122630.619:ERROR:process_memory_win.cc(73)] ReadMemory at 0x8e11dfd000 of 12288 bytes failed: Only part of a ReadProcessMemory or WriteProcessMemory request was completed. (0x12B)
[0721/122630.619:ERROR:process_memory_win.cc(73)] ReadMemory at 0x8e125f6000 of 40960 bytes failed: Only part of a ReadProcessMemory or WriteProcessMemory request was completed. (0x12B)
[0721/122630.619:ERROR:process_memory_win.cc(73)] ReadMemory at 0x8e12dfd000 of 12288 bytes failed: Only part of a ReadProcessMemory or WriteProcessMemory request was completed. (0x12B)
[0721/122630.619:ERROR:process_memory_win.cc(73)] ReadMemory at 0x8e135f6000 of 40960 bytes failed: Only part of a ReadProcessMemory or WriteProcessMemory request was completed. (0x12B)
[0721/122630.619:ERROR:process_memory_win.cc(73)] ReadMemory at 0x8e13dfd000 of 12288 bytes failed: Only part of a ReadProcessMemory or WriteProcessMemory request was completed. (0x12B)
[0721/122630.619:ERROR:process_memory_win.cc(73)] ReadMemory at 0x8e145fd000 of 12288 bytes failed: Only part of a ReadProcessMemory or WriteProcessMemory request was completed. (0x12B)
[0721/122630.620:ERROR:process_memory_win.cc(73)] ReadMemory at 0x8e14dfb000 of 20480 bytes failed: Only part of a ReadProcessMemory or WriteProcessMemory request was completed. (0x12B)
[0721/122630.620:ERROR:process_memory_win.cc(73)] ReadMemory at 0x8e155f7000 of 36864 bytes failed: Only part of a ReadProcessMemory or WriteProcessMemory request was completed. (0x12B)
[0721/122630.620:ERROR:process_memory_win.cc(73)] ReadMemory at 0x8e165fd000 of 12288 bytes failed: Only part of a ReadProcessMemory or WriteProcessMemory request was completed. (0x12B)
[0721/122630.620:ERROR:process_memory_win.cc(73)] ReadMemory at 0x8e16dfd000 of 12288 bytes failed: Only part of a ReadProcessMemory or WriteProcessMemory request was completed. (0x12B)
[0721/122630.620:ERROR:process_memory_win.cc(73)] ReadMemory at 0x8e175fd000 of 12288 bytes failed: Only part of a ReadProcessMemory or WriteProcessMemory request was completed. (0x12B)
[0721/122630.620:ERROR:process_memory_win.cc(73)] ReadMemory at 0x8e0b45f000 of 852 bytes failed: Only part of a ReadProcessMemory or WriteProcessMemory request was completed. (0x12B)
[0721/122630.620:ERROR:process_memory_win.cc(73)] ReadMemory at 0x8e0b460000 of 6024 bytes failed: Only part of a ReadProcessMemory or WriteProcessMemory request was completed. (0x12B)
[0721/122630.620:ERROR:process_memory_win.cc(73)] ReadMemory at 0x8e0b462000 of 6024 bytes failed: Only part of a ReadProcessMemory or WriteProcessMemory request was completed. (0x12B)
[0721/122630.620:ERROR:process_memory_win.cc(73)] ReadMemory at 0x8e0b464000 of 6024 bytes failed: Only part of a ReadProcessMemory or WriteProcessMemory request was completed. (0x12B)
[0721/122630.620:ERROR:process_memory_win.cc(73)] ReadMemory at 0x8e0b466000 of 6024 bytes failed: Only part of a ReadProcessMemory or WriteProcessMemory request was completed. (0x12B)
[0721/122630.620:ERROR:process_memory_win.cc(73)] ReadMemory at 0x8e0b468000 of 6024 bytes failed: Only part of a ReadProcessMemory or WriteProcessMemory request was completed. (0x12B)
[0721/122630.620:ERROR:process_memory_win.cc(73)] ReadMemory at 0x8e0b46a000 of 6024 bytes failed: Only part of a ReadProcessMemory or WriteProcessMemory request was completed. (0x12B)
[0721/122630.620:ERROR:process_memory_win.cc(73)] ReadMemory at 0x8e0b46c000 of 6024 bytes failed: Only part of a ReadProcessMemory or WriteProcessMemory request was completed. (0x12B)
[0721/122630.620:ERROR:process_memory_win.cc(73)] ReadMemory at 0x8e0b46e000 of 6024 bytes failed: Only part of a ReadProcessMemory or WriteProcessMemory request was completed. (0x12B)
[0721/122630.620:ERROR:process_memory_win.cc(73)] ReadMemory at 0x8e0b470000 of 6024 bytes failed: Only part of a ReadProcessMemory or WriteProcessMemory request was completed. (0x12B)
[0721/122630.620:ERROR:process_memory_win.cc(73)] ReadMemory at 0x8e0b472000 of 6024 bytes failed: Only part of a ReadProcessMemory or WriteProcessMemory request was completed. (0x12B)
[0721/122630.620:ERROR:process_memory_win.cc(73)] ReadMemory at 0x8e0b474000 of 6024 bytes failed: Only part of a ReadProcessMemory or WriteProcessMemory request was completed. (0x12B)
[0721/122630.620:ERROR:process_memory_win.cc(73)] ReadMemory at 0x8e0b476000 of 6024 bytes failed: Only part of a ReadProcessMemory or WriteProcessMemory request was completed. (0x12B)
[0721/122630.621:ERROR:process_memory_win.cc(73)] ReadMemory at 0x8e0b478000 of 6024 bytes failed: Only part of a ReadProcessMemory or WriteProcessMemory request was completed. (0x12B)
[0721/122630.621:ERROR:process_memory_win.cc(73)] ReadMemory at 0x8e0b47a000 of 6024 bytes failed: Only part of a ReadProcessMemory or WriteProcessMemory request was completed. (0x12B)
[0721/122630.621:ERROR:process_memory_win.cc(73)] ReadMemory at 0x8e0b47c000 of 6024 bytes failed: Only part of a ReadProcessMemory or WriteProcessMemory request was completed. (0x12B)
[0721/122630.621:ERROR:process_memory_win.cc(73)] ReadMemory at 0x8e0b47e000 of 6024 bytes failed: Only part of a ReadProcessMemory or WriteProcessMemory request was completed. (0x12B)
[0721/122630.621:ERROR:process_memory_win.cc(73)] ReadMemory at 0x8e0b480000 of 6024 bytes failed: Only part of a ReadProcessMemory or WriteProcessMemory request was completed. (0x12B)
[0721/122630.621:ERROR:process_memory_win.cc(73)] ReadMemory at 0x8e0b482000 of 6024 bytes failed: Only part of a ReadProcessMemory or WriteProcessMemory request was completed. (0x12B)
[0721/122630.621:ERROR:process_memory_win.cc(73)] ReadMemory at 0x8e0b484000 of 6024 bytes failed: Only part of a ReadProcessMemory or WriteProcessMemory request was completed. (0x12B)
[0721/122630.621:ERROR:process_memory_win.cc(73)] ReadMemory at 0x8e0b486000 of 6024 bytes failed: Only part of a ReadProcessMemory or WriteProcessMemory request was completed. (0x12B)
[0721/122630.621:ERROR:process_memory_win.cc(73)] ReadMemory at 0x8e0b48a000 of 6024 bytes failed: Only part of a ReadProcessMemory or WriteProcessMemory request was completed. (0x12B)
[0721/122630.621:ERROR:process_memory_win.cc(73)] ReadMemory at 0x8e0b48c000 of 6024 bytes failed: Only part of a ReadProcessMemory or WriteProcessMemory request was completed. (0x12B)
[0721/122630.621:ERROR:process_memory_win.cc(73)] ReadMemory at 0x8e0b48e000 of 6024 bytes failed: Only part of a ReadProcessMemory or WriteProcessMemory request was completed. (0x12B)
[0721/122630.621:ERROR:process_memory_win.cc(73)] ReadMemory at 0x271cf7c1fc0 of 512 bytes failed: Only part of a ReadProcessMemory or WriteProcessMemory request was completed. (0x12B)
[0721/122630.621:ERROR:process_memory_win.cc(73)] ReadMemory at 0x271cf7c28c0 of 512 bytes failed: Only part of a ReadProcessMemory or WriteProcessMemory request was completed. (0x12B)
[0721/122630.621:ERROR:process_memory_win.cc(73)] ReadMemory at 0x271cf7c2bc0 of 512 bytes failed: Only part of a ReadProcessMemory or WriteProcessMemory request was completed. (0x12B)
[0721/122630.621:ERROR:process_memory_win.cc(73)] ReadMemory at 0x271cf885500 of 1012 bytes failed: Only part of a ReadProcessMemory or WriteProcessMemory request was completed. (0x12B)
[0721/122630.621:ERROR:process_memory_win.cc(73)] ReadMemory at 0x271cf885b48 of 144 bytes failed: Only part of a ReadProcessMemory or WriteProcessMemory request was completed. (0x12B)
[0721/122630.621:ERROR:process_memory_win.cc(73)] ReadMemory at 0x271cf885bda of 1652 bytes failed: Only part of a ReadProcessMemory or WriteProcessMemory request was completed. (0x12B)
[0721/122630.621:ERROR:process_memory_win.cc(73)] ReadMemory at 0x271cf886250 of 144 bytes failed: Only part of a ReadProcessMemory or WriteProcessMemory request was completed. (0x12B)
[0721/122630.621:ERROR:process_memory_win.cc(73)] ReadMemory at 0x271cf8862e2 of 96 bytes failed: Only part of a ReadProcessMemory or WriteProcessMemory request was completed. (0x12B)
[0721/122630.621:ERROR:process_memory_win.cc(73)] ReadMemory at 0x271cf886350 of 58 bytes failed: Only part of a ReadProcessMemory or WriteProcessMemory request was completed. (0x12B)
[0721/122630.621:ERROR:process_memory_win.cc(73)] ReadMemory at 0x271cf886450 of 132 bytes failed: Only part of a ReadProcessMemory or WriteProcessMemory request was completed. (0x12B)
[0721/122630.622:ERROR:process_memory_win.cc(73)] ReadMemory at 0x271cf8865e0 of 132 bytes failed: Only part of a ReadProcessMemory or WriteProcessMemory request was completed. (0x12B)
[0721/122630.622:ERROR:process_memory_win.cc(73)] ReadMemory at 0x271cf8867a0 of 148 bytes failed: Only part of a ReadProcessMemory or WriteProcessMemory request was completed. (0x12B)
[0721/122630.622:ERROR:process_memory_win.cc(73)] ReadMemory at 0x271cf886b80 of 132 bytes failed: Only part of a ReadProcessMemory or WriteProcessMemory request was completed. (0x12B)
[0721/122630.622:ERROR:process_memory_win.cc(73)] ReadMemory at 0x271cf886d10 of 64 bytes failed: Only part of a ReadProcessMemory or WriteProcessMemory request was completed. (0x12B)
[0721/122630.622:ERROR:process_memory_win.cc(73)] ReadMemory at 0x271cf886ee0 of 132 bytes failed: Only part of a ReadProcessMemory or WriteProcessMemory request was completed. (0x12B)
[0721/122630.622:ERROR:process_memory_win.cc(73)] ReadMemory at 0x271cf887170 of 132 bytes failed: Only part of a ReadProcessMemory or WriteProcessMemory request was completed. (0x12B)
[0721/122630.622:ERROR:process_memory_win.cc(73)] ReadMemory at 0x271cf887300 of 68 bytes failed: Only part of a ReadProcessMemory or WriteProcessMemory request was completed. (0x12B)
[0721/122630.622:ERROR:process_memory_win.cc(73)] ReadMemory at 0x271cf888590 of 132 bytes failed: Only part of a ReadProcessMemory or WriteProcessMemory request was completed. (0x12B)
[0721/122630.622:ERROR:process_memory_win.cc(73)] ReadMemory at 0x271cf888720 of 176 bytes failed: Only part of a ReadProcessMemory or WriteProcessMemory request was completed. (0x12B)
[0721/122630.622:ERROR:process_memory_win.cc(73)] ReadMemory at 0x271cf88aad0 of 62 bytes failed: Only part of a ReadProcessMemory or WriteProcessMemory request was completed. (0x12B)
[0721/122630.622:ERROR:process_memory_win.cc(73)] ReadMemory at 0x271cf88ac00 of 132 bytes failed: Only part of a ReadProcessMemory or WriteProcessMemory request was completed. (0x12B)
[0721/122630.622:ERROR:process_memory_win.cc(73)] ReadMemory at 0x271cf88ad90 of 60 bytes failed: Only part of a ReadProcessMemory or WriteProcessMemory request was completed. (0x12B)
[0721/122630.622:ERROR:process_memory_win.cc(73)] ReadMemory at 0x271cf8991d0 of 60 bytes failed: Only part of a ReadProcessMemory or WriteProcessMemory request was completed. (0x12B)
[0721/122630.622:ERROR:process_memory_win.cc(73)] ReadMemory at 0x271cf899220 of 64 bytes failed: Only part of a ReadProcessMemory or WriteProcessMemory request was completed. (0x12B)
[0721/122630.622:ERROR:process_memory_win.cc(73)] ReadMemory at 0x271cf8993b0 of 64 bytes failed: Only part of a ReadProcessMemory or WriteProcessMemory request was completed. (0x12B)
[0721/122630.622:ERROR:process_memory_win.cc(73)] ReadMemory at 0x271cf899400 of 62 bytes failed: Only part of a ReadProcessMemory or WriteProcessMemory request was completed. (0x12B)
[0721/122630.622:ERROR:process_memory_win.cc(73)] ReadMemory at 0x271cf899450 of 64 bytes failed: Only part of a ReadProcessMemory or WriteProcessMemory request was completed. (0x12B)
[0721/122630.622:ERROR:process_memory_win.cc(73)] ReadMemory at 0x271cf8994f0 of 66 bytes failed: Only part of a ReadProcessMemory or WriteProcessMemory request was completed. (0x12B)
[0721/122630.622:ERROR:process_memory_win.cc(73)] ReadMemory at 0x271cf8995e0 of 58 bytes failed: Only part of a ReadProcessMemory or WriteProcessMemory request was completed. (0x12B)
[0721/122630.622:ERROR:process_memory_win.cc(73)] ReadMemory at 0x271cf899630 of 62 bytes failed: Only part of a ReadProcessMemory or WriteProcessMemory request was completed. (0x12B)
[0721/122630.622:ERROR:process_memory_win.cc(73)] ReadMemory at 0x271cf899720 of 64 bytes failed: Only part of a ReadProcessMemory or WriteProcessMemory request was completed. (0x12B)
[0721/122630.622:ERROR:process_memory_win.cc(73)] ReadMemory at 0x271cf899770 of 62 bytes failed: Only part of a ReadProcessMemory or WriteProcessMemory request was completed. (0x12B)
[0721/122630.622:ERROR:process_memory_win.cc(73)] ReadMemory at 0x271cf899860 of 60 bytes failed: Only part of a ReadProcessMemory or WriteProcessMemory request was completed. (0x12B)
[0721/122630.623:ERROR:process_memory_win.cc(73)] ReadMemory at 0x271cf8999a0 of 62 bytes failed: Only part of a ReadProcessMemory or WriteProcessMemory request was completed. (0x12B)
[0721/122630.623:ERROR:process_memory_win.cc(73)] ReadMemory at 0x271cf899d10 of 64 bytes failed: Only part of a ReadProcessMemory or WriteProcessMemory request was completed. (0x12B)
[0721/122630.623:ERROR:process_memory_win.cc(73)] ReadMemory at 0x271cf899db0 of 60 bytes failed: Only part of a ReadProcessMemory or WriteProcessMemory request was completed. (0x12B)
[0721/122630.623:ERROR:process_memory_win.cc(73)] ReadMemory at 0x271cf89ac40 of 54 bytes failed: Only part of a ReadProcessMemory or WriteProcessMemory request was completed. (0x12B)
[0721/122630.623:ERROR:process_memory_win.cc(73)] ReadMemory at 0x271cf89cd80 of 132 bytes failed: Only part of a ReadProcessMemory or WriteProcessMemory request was completed. (0x12B)
[0721/122630.623:ERROR:process_memory_win.cc(73)] ReadMemory at 0x271cf89d0a0 of 132 bytes failed: Only part of a ReadProcessMemory or WriteProcessMemory request was completed. (0x12B)
[0721/122630.623:ERROR:process_memory_win.cc(73)] ReadMemory at 0x271cf89d2c0 of 132 bytes failed: Only part of a ReadProcessMemory or WriteProcessMemory request was completed. (0x12B)
[0721/122630.623:ERROR:process_memory_win.cc(73)] ReadMemory at 0x271cf89d8c0 of 132 bytes failed: Only part of a ReadProcessMemory or WriteProcessMemory request was completed. (0x12B)
[0721/122630.623:ERROR:process_memory_win.cc(73)] ReadMemory at 0x271cf89dbf0 of 132 bytes failed: Only part of a ReadProcessMemory or WriteProcessMemory request was completed. (0x12B)
[0721/122630.623:ERROR:process_memory_win.cc(73)] ReadMemory at 0x271cf8a3b30 of 80 bytes failed: Only part of a ReadProcessMemory or WriteProcessMemory request was completed. (0x12B)
[0721/122630.623:ERROR:process_memory_win.cc(73)] ReadMemory at 0x271cf8a7ba0 of 132 bytes failed: Only part of a ReadProcessMemory or WriteProcessMemory request was completed. (0x12B)
[0721/122630.623:ERROR:process_memory_win.cc(73)] ReadMemory at 0x271cf8a9090 of 132 bytes failed: Only part of a ReadProcessMemory or WriteProcessMemory request was completed. (0x12B)
[0721/122630.623:ERROR:process_memory_win.cc(73)] ReadMemory at 0x271cf8a92a0 of 132 bytes failed: Only part of a ReadProcessMemory or WriteProcessMemory request was completed. (0x12B)
[0721/122630.623:ERROR:process_memory_win.cc(73)] ReadMemory at 0x271cf8a94b0 of 132 bytes failed: Only part of a ReadProcessMemory or WriteProcessMemory request was completed. (0x12B)
[0721/122630.623:ERROR:process_memory_win.cc(73)] ReadMemory at 0x271cf8aa650 of 132 bytes failed: Only part of a ReadProcessMemory or WriteProcessMemory request was completed. (0x12B)
[0721/122630.623:ERROR:process_memory_win.cc(73)] ReadMemory at 0x271cf8aace0 of 132 bytes failed: Only part of a ReadProcessMemory or WriteProcessMemory request was completed. (0x12B)
[0721/122630.623:ERROR:process_memory_win.cc(73)] ReadMemory at 0x271cf8aae10 of 132 bytes failed: Only part of a ReadProcessMemory or WriteProcessMemory request was completed. (0x12B)
[0721/122630.623:ERROR:process_memory_win.cc(73)] ReadMemory at 0x271cf8aaf40 of 132 bytes failed: Only part of a ReadProcessMemory or WriteProcessMemory request was completed. (0x12B)
[0721/122630.623:ERROR:process_memory_win.cc(73)] ReadMemory at 0x271cf8ab070 of 132 bytes failed: Only part of a ReadProcessMemory or WriteProcessMemory request was completed. (0x12B)
[0721/122630.623:ERROR:process_memory_win.cc(73)] ReadMemory at 0x271cf8ab1a0 of 132 bytes failed: Only part of a ReadProcessMemory or WriteProcessMemory request was completed. (0x12B)
[0721/122630.623:ERROR:process_memory_win.cc(73)] ReadMemory at 0x271cf8ab2d0 of 132 bytes failed: Only part of a ReadProcessMemory or WriteProcessMemory request was completed. (0x12B)
[0721/122630.623:ERROR:process_memory_win.cc(73)] ReadMemory at 0x271cf8ab400 of 132 bytes failed: Only part of a ReadProcessMemory or WriteProcessMemory request was completed. (0x12B)
[0721/122630.623:ERROR:process_memory_win.cc(73)] ReadMemory at 0x271cf8ab660 of 132 bytes failed: Only part of a ReadProcessMemory or WriteProcessMemory request was completed. (0x12B)
[0721/122630.623:ERROR:process_memory_win.cc(73)] ReadMemory at 0x271cf8ab790 of 132 bytes failed: Only part of a ReadProcessMemory or WriteProcessMemory request was completed. (0x12B)
[0721/122630.623:ERROR:process_memory_win.cc(73)] ReadMemory at 0x271cf8ab8c0 of 132 bytes failed: Only part of a ReadProcessMemory or WriteProcessMemory request was completed. (0x12B)
[0721/122630.624:ERROR:process_memory_win.cc(73)] ReadMemory at 0x271cf8ab9f0 of 132 bytes failed: Only part of a ReadProcessMemory or WriteProcessMemory request was completed. (0x12B)
[0721/122630.624:ERROR:process_memory_win.cc(73)] ReadMemory at 0x271cf8abb20 of 132 bytes failed: Only part of a ReadProcessMemory or WriteProcessMemory request was completed. (0x12B)
[0721/122630.624:ERROR:process_memory_win.cc(73)] ReadMemory at 0x271cf8abcf0 of 80 bytes failed: Only part of a ReadProcessMemory or WriteProcessMemory request was completed. (0x12B)
[0721/122630.624:ERROR:process_memory_win.cc(73)] ReadMemory at 0x271cf8ac650 of 76 bytes failed: Only part of a ReadProcessMemory or WriteProcessMemory request was completed. (0x12B)
[0721/122630.624:ERROR:process_memory_win.cc(73)] ReadMemory at 0x271cf8aedd0 of 132 bytes failed: Only part of a ReadProcessMemory or WriteProcessMemory request was completed. (0x12B)
[0721/122630.624:ERROR:process_memory_win.cc(73)] ReadMemory at 0x271cf8aef00 of 168 bytes failed: Only part of a ReadProcessMemory or WriteProcessMemory request was completed. (0x12B)
[0721/122630.624:ERROR:process_memory_win.cc(73)] ReadMemory at 0x271cf8b0830 of 132 bytes failed: Only part of a ReadProcessMemory or WriteProcessMemory request was completed. (0x12B)
[0721/122630.624:ERROR:process_memory_win.cc(73)] ReadMemory at 0x271cf8b0960 of 132 bytes failed: Only part of a ReadProcessMemory or WriteProcessMemory request was completed. (0x12B)
[0721/122630.624:ERROR:process_memory_win.cc(73)] ReadMemory at 0x271cf8b0bc0 of 132 bytes failed: Only part of a ReadProcessMemory or WriteProcessMemory request was completed. (0x12B)
[0721/122630.624:ERROR:process_memory_win.cc(73)] ReadMemory at 0x271cf8b1080 of 132 bytes failed: Only part of a ReadProcessMemory or WriteProcessMemory request was completed. (0x12B)
[0721/122630.624:ERROR:process_memory_win.cc(73)] ReadMemory at 0x271cf8b11b0 of 132 bytes failed: Only part of a ReadProcessMemory or WriteProcessMemory request was completed. (0x12B)
[0721/122630.624:ERROR:process_memory_win.cc(73)] ReadMemory at 0x271cf8b1410 of 132 bytes failed: Only part of a ReadProcessMemory or WriteProcessMemory request was completed. (0x12B)
[0721/122630.624:ERROR:process_memory_win.cc(73)] ReadMemory at 0x271cf8b1540 of 132 bytes failed: Only part of a ReadProcessMemory or WriteProcessMemory request was completed. (0x12B)
[0721/122630.624:ERROR:process_memory_win.cc(73)] ReadMemory at 0x271cf8b1c60 of 132 bytes failed: Only part of a ReadProcessMemory or WriteProcessMemory request was completed. (0x12B)
[0721/122630.624:ERROR:process_memory_win.cc(73)] ReadMemory at 0x271cf8b2120 of 132 bytes failed: Only part of a ReadProcessMemory or WriteProcessMemory request was completed. (0x12B)
[0721/122630.624:ERROR:process_memory_win.cc(73)] ReadMemory at 0x271cf8b24b0 of 60 bytes failed: Only part of a ReadProcessMemory or WriteProcessMemory request was completed. (0x12B)
[0721/122630.624:ERROR:process_memory_win.cc(73)] ReadMemory at 0x271cf8b2500 of 62 bytes failed: Only part of a ReadProcessMemory or WriteProcessMemory request was completed. (0x12B)
[0721/122630.624:ERROR:process_memory_win.cc(73)] ReadMemory at 0x271cf8b2550 of 64 bytes failed: Only part of a ReadProcessMemory or WriteProcessMemory request was completed. (0x12B)
[0721/122630.624:ERROR:process_memory_win.cc(73)] ReadMemory at 0x271cf8b25a0 of 60 bytes failed: Only part of a ReadProcessMemory or WriteProcessMemory request was completed. (0x12B)
[0721/122630.624:ERROR:process_memory_win.cc(73)] ReadMemory at 0x271cf8b25f0 of 62 bytes failed: Only part of a ReadProcessMemory or WriteProcessMemory request was completed. (0x12B)
[0721/122630.624:ERROR:process_memory_win.cc(73)] ReadMemory at 0x271cf8b2af0 of 64 bytes failed: Only part of a ReadProcessMemory or WriteProcessMemory request was completed. (0x12B)
[0721/122630.624:ERROR:process_memory_win.cc(73)] ReadMemory at 0x271cf8b2b40 of 62 bytes failed: Only part of a ReadProcessMemory or WriteProcessMemory request was completed. (0x12B)
[0721/122630.624:ERROR:process_memory_win.cc(73)] ReadMemory at 0x271cf8b2cd0 of 62 bytes failed: Only part of a ReadProcessMemory or WriteProcessMemory request was completed. (0x12B)
[0721/122630.624:ERROR:process_memory_win.cc(73)] ReadMemory at 0x271cf8b2fa0 of 62 bytes failed: Only part of a ReadProcessMemory or WriteProcessMemory request was completed. (0x12B)
[0721/122630.624:ERROR:process_memory_win.cc(73)] ReadMemory at 0x271cf8b2ff0 of 60 bytes failed: Only part of a ReadProcessMemory or WriteProcessMemory request was completed. (0x12B)
[0721/122630.625:ERROR:process_memory_win.cc(73)] ReadMemory at 0x271cf8b3040 of 66 bytes failed: Only part of a ReadProcessMemory or WriteProcessMemory request was completed. (0x12B)
[0721/122630.625:ERROR:process_memory_win.cc(73)] ReadMemory at 0x271cf8b3180 of 62 bytes failed: Only part of a ReadProcessMemory or WriteProcessMemory request was completed. (0x12B)
[0721/122630.625:ERROR:process_memory_win.cc(73)] ReadMemory at 0x271cf8b3310 of 64 bytes failed: Only part of a ReadProcessMemory or WriteProcessMemory request was completed. (0x12B)
[0721/122630.625:ERROR:process_memory_win.cc(73)] ReadMemory at 0x271cf913fa8 of 512 bytes failed: Only part of a ReadProcessMemory or WriteProcessMemory request was completed. (0x12B)
[0721/122630.625:ERROR:process_memory_win.cc(73)] ReadMemory at 0x271cfdc0000 of 384 bytes failed: Only part of a ReadProcessMemory or WriteProcessMemory request was completed. (0x12B)
[0721/122630.625:ERROR:process_memory_win.cc(73)] ReadMemory at 0x271cfe08990 of 512 bytes failed: Only part of a ReadProcessMemory or WriteProcessMemory request was completed. (0x12B)
[0721/122630.625:ERROR:process_memory_win.cc(73)] ReadMemory at 0x271cfe09f20 of 512 bytes failed: Only part of a ReadProcessMemory or WriteProcessMemory request was completed. (0x12B)
[0721/122630.625:ERROR:process_memory_win.cc(73)] ReadMemory at 0x271cff4e350 of 512 bytes failed: Only part of a ReadProcessMemory or WriteProcessMemory request was completed. (0x12B)
[0721/122630.625:ERROR:process_memory_win.cc(73)] ReadMemory at 0x271d00b1b20 of 512 bytes failed: Only part of a ReadProcessMemory or WriteProcessMemory request was completed. (0x12B)
[0721/122630.625:ERROR:process_memory_win.cc(73)] ReadMemory at 0x271d0263620 of 512 bytes failed: Only part of a ReadProcessMemory or WriteProcessMemory request was completed. (0x12B)
[0721/122630.625:ERROR:process_memory_win.cc(73)] ReadMemory at 0x271d04a5ad0 of 512 bytes failed: Only part of a ReadProcessMemory or WriteProcessMemory request was completed. (0x12B)
[0721/122630.625:ERROR:process_memory_win.cc(73)] ReadMemory at 0x271d04a8500 of 512 bytes failed: Only part of a ReadProcessMemory or WriteProcessMemory request was completed. (0x12B)
[0721/122630.625:ERROR:process_memory_win.cc(73)] ReadMemory at 0x271d04a9b00 of 712 bytes failed: Only part of a ReadProcessMemory or WriteProcessMemory request was completed. (0x12B)
[0721/122630.625:ERROR:process_memory_win.cc(73)] ReadMemory at 0x271d2c8f5c0 of 512 bytes failed: Only part of a ReadProcessMemory or WriteProcessMemory request was completed. (0x12B)
[0721/122630.625:ERROR:process_memory_win.cc(73)] ReadMemory at 0x271d2daab58 of 520 bytes failed: Only part of a ReadProcessMemory or WriteProcessMemory request was completed. (0x12B)
[0721/122630.625:ERROR:process_memory_win.cc(73)] ReadMemory at 0x271d4210000 of 384 bytes failed: Only part of a ReadProcessMemory or WriteProcessMemory request was completed. (0x12B)
[0721/122630.625:ERROR:process_memory_win.cc(73)] ReadMemory at 0x165608442c80 of 512 bytes failed: Only part of a ReadProcessMemory or WriteProcessMemory request was completed. (0x12B)
[0721/122630.625:ERROR:process_memory_win.cc(73)] ReadMemory at 0x20884ac89848 of 512 bytes failed: Only part of a ReadProcessMemory or WriteProcessMemory request was completed. (0x12B)
[0721/122630.625:ERROR:process_memory_win.cc(73)] ReadMemory at 0x7c1c0873ff80 of 512 bytes failed: Only part of a ReadProcessMemory or WriteProcessMemory request was completed. (0x12B)
[0721/122630.625:ERROR:process_memory_win.cc(73)] ReadMemory at 0x7ffccc4aea14 of 512 bytes failed: Only part of a ReadProcessMemory or WriteProcessMemory request was completed. (0x12B)
[0721/122630.625:ERROR:process_memory_win.cc(73)] ReadMemory at 0x7ffccc741ae8 of 536 bytes failed: Only part of a ReadProcessMemory or WriteProcessMemory request was completed. (0x12B)
[0721/122630.625:ERROR:process_memory_win.cc(73)] ReadMemory at 0x7ffccdfd71f0 of 512 bytes failed: Only part of a ReadProcessMemory or WriteProcessMemory request was completed. (0x12B)
[0721/122630.625:ERROR:process_memory_win.cc(73)] ReadMemory at 0x7ffcce2d9fce of 512 bytes failed: Only part of a ReadProcessMemory or WriteProcessMemory request was completed. (0x12B)
[0721/122630.626:ERROR:process_memory_win.cc(73)] ReadMemory at 0x7ffccfb65231 of 512 bytes failed: Only part of a ReadProcessMemory or WriteProcessMemory request was completed. (0x12B)
[0721/122630.626:ERROR:process_memory_win.cc(73)] ReadMemory at 0x7ffcd41eb790 of 512 bytes failed: Only part of a ReadProcessMemory or WriteProcessMemory request was completed. (0x12B)
[0721/122630.626:ERROR:process_memory_win.cc(73)] ReadMemory at 0x7ffcd4515f64 of 512 bytes failed: Only part of a ReadProcessMemory or WriteProcessMemory request was completed. (0x12B)
[0721/122630.626:ERROR:process_memory_win.cc(73)] ReadMemory at 0x7ffd3eb3c074 of 672 bytes failed: Only part of a ReadProcessMemory or WriteProcessMemory request was completed. (0x12B)
[0721/122630.626:ERROR:process_memory_win.cc(73)] ReadMemory at 0x7ffd3eb3c674 of 512 bytes failed: Only part of a ReadProcessMemory or WriteProcessMemory request was completed. (0x12B)
[0721/122630.626:ERROR:process_memory_win.cc(73)] ReadMemory at 0x7ffd3eb3f924 of 608 bytes failed: Only part of a ReadProcessMemory or WriteProcessMemory request was completed. (0x12B)
[0721/122630.626:ERROR:process_memory_win.cc(73)] ReadMemory at 0x7ffd3ebcc428 of 18 bytes failed: Only part of a ReadProcessMemory or WriteProcessMemory request was completed. (0x12B)
[0721/122630.626:ERROR:process_memory_win.cc(73)] ReadMemory at 0x7ffd3ebff4f8 of 40 bytes failed: Only part of a ReadProcessMemory or WriteProcessMemory request was completed. (0x12B)
[0721/122630.626:ERROR:process_memory_win.cc(73)] ReadMemory at 0x7ffd3ebff978 of 48 bytes failed: Only part of a ReadProcessMemory or WriteProcessMemory request was completed. (0x12B)
[0721/122630.626:ERROR:process_memory_win.cc(73)] ReadMemory at 0x7ffd3ec053c0 of 64 bytes failed: Only part of a ReadProcessMemory or WriteProcessMemory request was completed. (0x12B)
[0721/122630.627:ERROR:scoped_process_suspend.cc(40)] NtResumeProcess: An attempt was made to access an exiting process. (0xc000010a)
